2024-11-11T03:24:37.918537Z 0 [Warning] [MY-010097] [Server] Insecure configuration for --secure-file-priv: Current value does not restrict location of generated files. Consider setting it to a valid, non-empty path.
2024-11-11T03:24:37.918623Z 0 [Warning] [MY-010918] [Server] 'default_authentication_plugin' is deprecated and will be removed in a future release. Please use authentication_policy instead.
2024-11-11T03:24:37.918917Z 0 [System] [MY-010116] [Server] C:\laragon\bin\mysql\mysql-8.0.30-winx64\bin\mysqld (mysqld 8.0.30) starting as process 7488
2024-11-11T03:24:38.400822Z 1 [System] [MY-013576] [InnoDB] InnoDB initialization has started.
2024-11-11T03:24:38.827378Z 1 [System] [MY-013577] [InnoDB] InnoDB initialization has ended.
2024-11-11T03:24:39.700800Z 0 [Warning] [MY-013829] [Server] Missing data directory for ICU regular expressions: C:\laragon\bin\mysql\mysql-8.0.30-winx64\lib\private\.
2024-11-11T03:24:39.731755Z 0 [Warning] [MY-010068] [Server] CA certificate ca.pem is self signed.
2024-11-11T03:24:39.732555Z 0 [System] [MY-013602] [Server] Channel mysql_main configured to support TLS. Encrypted connections are now supported for this channel.
2024-11-11T03:24:39.736908Z 0 [ERROR] [MY-010262] [Server] Can't start server: Bind on TCP/IP port: Only one usage of each socket address (protocol/network address/port) is normally permitted. 
2024-11-11T03:24:39.738036Z 0 [ERROR] [MY-010257] [Server] Do you already have another mysqld server running on port: 3306 ?
2024-11-11T03:24:39.738715Z 0 [ERROR] [MY-010119] [Server] Aborting
2024-11-11T03:24:41.175790Z 0 [System] [MY-010910] [Server] C:\laragon\bin\mysql\mysql-8.0.30-winx64\bin\mysqld: Shutdown complete (mysqld 8.0.30)  MySQL Community Server - GPL.
2024-11-11T13:51:36.185780Z 0 [Warning] [MY-010097] [Server] Insecure configuration for --secure-file-priv: Current value does not restrict location of generated files. Consider setting it to a valid, non-empty path.
2024-11-11T13:51:36.186763Z 0 [Warning] [MY-010918] [Server] 'default_authentication_plugin' is deprecated and will be removed in a future release. Please use authentication_policy instead.
2024-11-11T13:51:36.186803Z 0 [System] [MY-010116] [Server] C:\laragon\bin\mysql\mysql-8.0.30-winx64\bin\mysqld (mysqld 8.0.30) starting as process 17032
2024-11-11T13:51:36.242214Z 1 [System] [MY-013576] [InnoDB] InnoDB initialization has started.
2024-11-11T13:51:36.505968Z 1 [System] [MY-013577] [InnoDB] InnoDB initialization has ended.
2024-11-11T13:51:37.022235Z 0 [Warning] [MY-013829] [Server] Missing data directory for ICU regular expressions: C:\laragon\bin\mysql\mysql-8.0.30-winx64\lib\private\.
2024-11-11T13:51:37.073214Z 0 [Warning] [MY-010068] [Server] CA certificate ca.pem is self signed.
2024-11-11T13:51:37.074258Z 0 [System] [MY-013602] [Server] Channel mysql_main configured to support TLS. Encrypted connections are now supported for this channel.
2024-11-11T13:51:37.151436Z 0 [System] [MY-010931] [Server] C:\laragon\bin\mysql\mysql-8.0.30-winx64\bin\mysqld: ready for connections. Version: '8.0.30'  socket: ''  port: 3306  MySQL Community Server - GPL.
2024-11-11T13:51:37.151457Z 0 [System] [MY-011323] [Server] X Plugin ready for connections. Bind-address: '::' port: 33060
